<?xml version="1.0" encoding="utf-8"?><testsuites><testsuite name="pytest" errors="0" failures="0" skipped="0" tests="82" time="82.575" timestamp="2026-09-13T04:16:22.022415+00:00" hostname="wd1"><testcase classname="octavia_studio.tests.test_studio" name="test_import_idempotent_and_aliases" time="1.917" /><testcase classname="octavia_studio.tests.test_studio" name="test_changed_source_preserves_old_bytes" time="2.098" /><testcase classname="octavia_studio.tests.test_studio" name="test_atomic_refuses_overwrite" time="0.009" /><testcase classname="octavia_studio.tests.test_studio" name="test_sqlite_immutable_core" time="1.577" /><testcase classname="octavia_studio.tests.test_studio" name="test_corrupt_source_not_imported" time="0.470" /><testcase classname="octavia_studio.tests.test_studio" name="test_integrity_guard" time="1.358" /><testcase classname="octavia_studio.tests.test_studio" name="test_orientation_normalized_without_touching_original" time="0.104" /><testcase classname="octavia_studio.tests.test_studio" name="test_animated_input_rejected" time="0.003" /><testcase classname="octavia_studio.tests.test_studio" name="test_all_operations_off_are_pixel_exact" time="0.727" /><testcase classname="octavia_studio.tests.test_studio" name="test_independent_polish_operations[denoise-0.2]" time="1.205" /><testcase classname="octavia_studio.tests.test_studio" name="test_independent_polish_operations[sharpen-0.4]" time="0.899" /><testcase classname="octavia_studio.tests.test_studio" name="test_independent_polish_operations[exposure-0.2]" time="1.019" /><testcase classname="octavia_studio.tests.test_studio" name="test_independent_polish_operations[contrast-0.1]" time="0.799" /><testcase classname="octavia_studio.tests.test_studio" name="test_independent_polish_operations[shadows-0.15]" time="0.800" /><testcase classname="octavia_studio.tests.test_studio" name="test_independent_polish_operations[highlights-0.15]" time="0.802" /><testcase classname="octavia_studio.tests.test_studio" name="test_independent_polish_operations[wb-value6]" time="0.700" /><testcase classname="octavia_studio.tests.test_studio" name="test_polish_bounds[options0]" time="0.590" /><testcase classname="octavia_studio.tests.test_studio" name="test_polish_bounds[options1]" time="0.525" /><testcase classname="octavia_studio.tests.test_studio" name="test_polish_bounds[options2]" time="0.675" /><testcase classname="octavia_studio.tests.test_studio" name="test_polish_bounds[options3]" time="0.628" /><testcase classname="octavia_studio.tests.test_studio" name="test_polish_bounds[options4]" time="0.526" /><testcase classname="octavia_studio.tests.test_studio" name="test_polish_bounds[options5]" time="0.576" /><testcase classname="octavia_studio.tests.test_studio" name="test_metadata_preserved_safely_and_alpha" time="0.002" /><testcase classname="octavia_studio.tests.test_studio" name="test_invalid_icc_fails_not_silent" time="0.001" /><testcase classname="octavia_studio.tests.test_studio" name="test_derivative_lineage_not_canon" time="2.317" /><testcase classname="octavia_studio.tests.test_studio" name="test_noop_derivative_stays_separate" time="1.812" /><testcase classname="octavia_studio.tests.test_studio" name="test_derivative_is_idempotent" time="2.080" /><testcase classname="octavia_studio.tests.test_studio" name="test_canon_not_generic_annotation" time="0.693" /><testcase classname="octavia_studio.tests.test_studio" name="test_unknown_is_review_not_false_absence" time="0.661" /><testcase classname="octavia_studio.tests.test_studio" name="test_pose_repetition_and_explicit_absence" time="2.944" /><testcase classname="octavia_studio.tests.test_studio" name="test_annotated_hair_evidence" time="0.192" /><testcase classname="octavia_studio.tests.test_studio" name="test_bad_rois[box0]" time="0.001" /><testcase classname="octavia_studio.tests.test_studio" name="test_bad_rois[box1]" time="0.000" /><testcase classname="octavia_studio.tests.test_studio" name="test_bad_rois[box2]" time="0.000" /><testcase classname="octavia_studio.tests.test_studio" name="test_bad_rois[box3]" time="0.000" /><testcase classname="octavia_studio.tests.test_studio" name="test_bad_rois[box4]" time="0.000" /><testcase classname="octavia_studio.tests.test_studio" name="test_sheet_pagination_hidden_ids" time="4.409" /><testcase classname="octavia_studio.tests.test_studio" name="test_requested_sheet_grids[4x4]" time="1.218" /><testcase classname="octavia_studio.tests.test_studio" name="test_requested_sheet_grids[4x2]" time="1.017" /><testcase classname="octavia_studio.tests.test_studio" name="test_requested_sheet_grids[3x3]" time="1.085" /><testcase classname="octavia_studio.tests.test_studio" name="test_requested_sheet_grids[2x4]" time="1.182" /><testcase classname="octavia_studio.tests.test_studio" name="test_identity_sheet_excludes_unapproved" time="1.807" /><testcase classname="octavia_studio.tests.test_studio" name="test_all_exports_are_safe_by_default[x]" time="0.016" /><testcase classname="octavia_studio.tests.test_studio" name="test_all_exports_are_safe_by_default[instagram-square]" time="0.066" /><testcase classname="octavia_studio.tests.test_studio" name="test_all_exports_are_safe_by_default[instagram-portrait]" time="0.094" /><testcase classname="octavia_studio.tests.test_studio" name="test_all_exports_are_safe_by_default[story]" time="0.114" /><testcase classname="octavia_studio.tests.test_studio" name="test_all_exports_are_safe_by_default[profile]" time="0.081" /><testcase classname="octavia_studio.tests.test_studio" name="test_all_exports_are_safe_by_default[banner]" time="0.011" /><testcase classname="octavia_studio.tests.test_studio" name="test_all_exports_are_safe_by_default[reference-sheet]" time="0.204" /><testcase classname="octavia_studio.tests.test_studio" name="test_safe_crop_and_fallback" time="0.217" /><testcase classname="octavia_studio.tests.test_studio" name="test_export_parent_and_metadata" time="1.624" /><testcase classname="octavia_studio.tests.test_studio" name="test_jobs_resume_completed_checkpoints" time="3.805" /><testcase classname="octavia_studio.tests.test_studio" name="test_complete_process_and_archive" time="4.468" /><testcase classname="octavia_studio.tests.test_studio" name="test_bootstrap_repeat_does_not_reset_metadata" time="0.754" /><testcase classname="octavia_studio.tests.test_studio" name="test_bad_room_pack_combination" time="0.690" /><testcase classname="octavia_studio.tests.test_studio" name="test_cli_short_commands_and_errors" time="0.237" /><testcase classname="octavia_studio.tests.test_studio" name="test_backup_database_integrity" time="0.707" /><testcase classname="octavia_studio.tests.test_studio" name="test_one_pixel_import" time="0.068" /><testcase classname="octavia_studio.tests.test_studio" name="test_empty_shoot_error" time="0.072" /><testcase classname="octavia_studio.tests.test_studio" name="test_collection_report_context" time="0.706" /><testcase classname="octavia_studio.tests.test_studio" name="test_resume_uses_frozen_membership_and_latest" time="3.004" /><testcase classname="octavia_studio.tests.test_studio" name="test_recovery_after_publication_before_db_commit" time="2.551" /><testcase classname="octavia_studio.tests.test_studio" name="test_active_job_lock_blocks_second_runner" time="0.656" /><testcase classname="octavia_studio.tests.test_studio" name="test_review_cannot_waive_unknowns" time="0.688" /><testcase classname="octavia_studio.tests.test_studio" name="test_review_retains_evidence_without_canon_promotion" time="1.675" /><testcase classname="octavia_studio.tests.test_studio" name="test_archive_derivative_includes_ancestor" time="2.569" /><testcase classname="octavia_studio.tests.test_studio" name="test_detached_job_completes_and_is_resumable" time="3.324" /><testcase classname="octavia_studio.tests.test_studio" name="test_nested_capture_exif_without_gps" time="0.004" /><testcase classname="octavia_studio.tests.test_studio" name="test_decode_limit_is_compact_error" time="0.499" /><testcase classname="octavia_studio.tests.test_studio" name="test_narrow_roi_has_finite_evidence" time="0.002" /><testcase classname="octavia_studio.tests.test_studio" name="test_reference_sheet_export_requires_real_sheet" time="1.591" /><testcase classname="octavia_studio.tests.test_studio" name="test_process_exports_built_sheet" time="5.507" /><testcase classname="octavia_studio.tests.test_wardrobe" name="test_evidence_import_idempotent_and_no_promotion" time="0.703" /><testcase classname="octavia_studio.tests.test_wardrobe" name="test_invalid_batch_never_partly_imports[unknown-item]" time="0.401" /><testcase classname="octavia_studio.tests.test_wardrobe" name="test_invalid_batch_never_partly_imports[bad-box]" time="0.681" /><testcase classname="octavia_studio.tests.test_wardrobe" name="test_invalid_batch_never_partly_imports[bad-cell]" time="1.000" /><testcase classname="octavia_studio.tests.test_wardrobe" name="test_invalid_batch_never_partly_imports[bad-grid]" time="0.916" /><testcase classname="octavia_studio.tests.test_wardrobe" name="test_invalid_batch_never_partly_imports[missing-evidence]" time="0.703" /><testcase classname="octavia_studio.tests.test_wardrobe" name="test_catalog_pixels_lineage_and_safe_escaping" time="0.313" /><testcase classname="octavia_studio.tests.test_wardrobe" name="test_new_observation_does_not_overwrite_owned_record" time="0.292" /><testcase classname="octavia_studio.tests.test_wardrobe" name="test_wardrobe_evidence_survives_archive" time="0.312" /><testcase classname="octavia_studio.tests.test_wardrobe" name="test_atlas_never_becomes_new_original" time="0.783" /></testsuite></testsuites>